debug: Sample message - debug level {"logger":"session-storage","timestamp":"2020-05-23 07:34:02"}
debug: Sample message with one argument(variable) - debug level {"0":"a","1":"r","2":"g","3":"u","4":"m","5":"e","6":"n","7":"t","8":" ","9":"#","10":"1","logger":"session-storage","timestamp":"2020-05-23 07:34:02"}
debug: Sample message with two arguments(variable) - debug level {"0":"a","1":"r","2":"g","3":"u","4":"m","5":"e","6":"n","7":"t","8":" ","9":"#","10":"2","logger":"session-storage","timestamp":"2020-05-23 07:34:02"}
debug: Sample message with one argument(object) - debug level {"logger":"session-storage","param1":"value1","param2":"value2","timestamp":"2020-05-23 07:34:02"}
debug: Sample message with one argument (object) with nested elements - debug level {"logger":"session-storage","param1":"value1","param2":"value2","nestedhash":{"nested_param1":"value3","nested_param2":"value4"},"nestedarr":["val1","val2"],"timestamp":"2020-05-23 07:34:02"}
debug: Sample message with two arguments (objects)- debug level {"logger":"session-storage","param1":"value1","param2":"value2","timestamp":"2020-05-23 07:34:02","param10":"value1","param22":"value2"}
debug: Sample message - debug level {"logger":"session-storage","timestamp":"2020-05-23 07:38:06"}
debug: Sample message with one argument(variable) - debug level {"0":"a","1":"r","2":"g","3":"u","4":"m","5":"e","6":"n","7":"t","8":" ","9":"#","10":"1","logger":"session-storage","timestamp":"2020-05-23 07:38:06"}
debug: Sample message with two arguments(variable) - debug level {"0":"a","1":"r","2":"g","3":"u","4":"m","5":"e","6":"n","7":"t","8":" ","9":"#","10":"2","logger":"session-storage","timestamp":"2020-05-23 07:38:06"}
debug: Sample message with one argument(object) - debug level {"logger":"session-storage","param1":"value1","param2":"value2","timestamp":"2020-05-23 07:38:06"}
debug: Sample message with one argument (object) with nested elements - debug level {"logger":"session-storage","param1":"value1","param2":"value2","nestedhash":{"nested_param1":"value3","nested_param2":"value4"},"nestedarr":["val1","val2"],"timestamp":"2020-05-23 07:38:06"}
debug: Sample message with two arguments (objects)- debug level {"logger":"session-storage","param1":"value1","param2":"value2","timestamp":"2020-05-23 07:38:06","param10":"value1","param22":"value2"}
debug: Sample message - debug level {"logger":"session-storage","timestamp":"2020-05-23 08:05:16"}
debug: Sample message with one argument(variable) - debug level {"0":"a","1":"r","2":"g","3":"u","4":"m","5":"e","6":"n","7":"t","8":" ","9":"#","10":"1","logger":"session-storage","timestamp":"2020-05-23 08:05:16"}
debug: Sample message with two arguments(variable) - debug level {"0":"a","1":"r","2":"g","3":"u","4":"m","5":"e","6":"n","7":"t","8":" ","9":"#","10":"2","logger":"session-storage","timestamp":"2020-05-23 08:05:16"}
debug: Sample message with one argument(object) - debug level {"logger":"session-storage","param1":"value1","param2":"value2","timestamp":"2020-05-23 08:05:16"}
debug: Sample message with one argument (object) with nested elements - debug level {"logger":"session-storage","param1":"value1","param2":"value2","nestedhash":{"nested_param1":"value3","nested_param2":"value4"},"nestedarr":["val1","val2"],"timestamp":"2020-05-23 08:05:16"}
debug: Sample message with two arguments (objects)- debug level {"logger":"session-storage","param1":"value1","param2":"value2","timestamp":"2020-05-23 08:05:16","param10":"value1","param22":"value2"}
info: Redis client event=connect {"logger":"session-storage","timestamp":"2020-05-24 11:37:42"}
info: Redis client event=ready {"logger":"session-storage","timestamp":"2020-05-24 11:37:42"}
debug: Sample message - debug level {"logger":"session-storage","timestamp":"2020-05-24 11:37:42"}
debug: Sample message with one argument(variable) - debug level {"0":"a","1":"r","2":"g","3":"u","4":"m","5":"e","6":"n","7":"t","8":" ","9":"#","10":"1","logger":"session-storage","timestamp":"2020-05-24 11:37:42"}
debug: Sample message with two arguments(variable) - debug level {"0":"a","1":"r","2":"g","3":"u","4":"m","5":"e","6":"n","7":"t","8":" ","9":"#","10":"2","logger":"session-storage","timestamp":"2020-05-24 11:37:42"}
debug: Sample message with one argument(object) - debug level {"logger":"session-storage","param1":"value1","param2":"value2","timestamp":"2020-05-24 11:37:42"}
debug: Sample message with one argument (object) with nested elements - debug level {"logger":"session-storage","param1":"value1","param2":"value2","nestedhash":{"nested_param1":"value3","nested_param2":"value4"},"nestedarr":["val1","val2"],"timestamp":"2020-05-24 11:37:42"}
debug: Sample message with two arguments (objects)- debug level {"logger":"session-storage","param1":"value1","param2":"value2","timestamp":"2020-05-24 11:37:42","param10":"value1","param22":"value2"}
debug: retrieveFromSession(ac2e4602-398f-4de1-897c-cc1ad05fe956:key) completed {"logger":"session-storage","timestamp":"2020-05-24 11:37:42"}
debug: storeInSession(ac2e4602-398f-4de1-897c-cc1ad05fe956:key) start {"logger":"session-storage","timestamp":"2020-05-24 11:37:42"}
debug: storeInSession(ac2e4602-398f-4de1-897c-cc1ad05fe956:key) completed {"logger":"session-storage","timestamp":"2020-05-24 11:37:42"}
debug: retrieveFromSession(ac2e4602-398f-4de1-897c-cc1ad05fe956:key) completed {"logger":"session-storage","timestamp":"2020-05-24 11:37:42","prop":123}
debug: retrieveFromSession(252da117-30f1-404c-8021-96819b7a27fb:key) completed {"logger":"session-storage","timestamp":"2020-05-24 11:37:42"}
debug: storeInSession(252da117-30f1-404c-8021-96819b7a27fb:key) start {"logger":"session-storage","timestamp":"2020-05-24 11:37:42"}
debug: storeInSession(252da117-30f1-404c-8021-96819b7a27fb:key) completed {"logger":"session-storage","timestamp":"2020-05-24 11:37:42"}
debug: retrieveFromSession(252da117-30f1-404c-8021-96819b7a27fb:key) completed {"0":"t","1":"e","2":"s","3":"t","4":" ","5":"v","6":"a","7":"l","8":"u","9":"e","logger":"session-storage","timestamp":"2020-05-24 11:37:42"}
debug: storeInSession(252da117-30f1-404c-8021-96819b7a27fb:key2) start {"logger":"session-storage","timestamp":"2020-05-24 11:37:42"}
debug: storeInSession(252da117-30f1-404c-8021-96819b7a27fb:key2) completed {"logger":"session-storage","timestamp":"2020-05-24 11:37:42"}
debug: retrieveFromSession(252da117-30f1-404c-8021-96819b7a27fb:key2) completed {"logger":"session-storage","timestamp":"2020-05-24 11:37:42"}
debug: Shopping cart created for sessionID:30010d04-a4b2-4deb-a85f-e3ee361f3545 {"logger":"session-storage","timestamp":"2020-05-24 11:37:42"}
debug: retrieveFromSession(30010d04-a4b2-4deb-a85f-e3ee361f3545:shopping cart) completed {"logger":"session-storage","timestamp":"2020-05-24 11:37:42"}
debug: Shopping cart created for sessionID:7201723e-76ea-46e0-a013-76f4547d1079 {"logger":"session-storage","timestamp":"2020-05-24 11:37:42"}
debug: retrieveFromSession(7201723e-76ea-46e0-a013-76f4547d1079:shopping cart) completed {"logger":"session-storage","timestamp":"2020-05-24 11:37:42"}
debug: storeInSession(7201723e-76ea-46e0-a013-76f4547d1079:shopping cart) start {"logger":"session-storage","timestamp":"2020-05-24 11:37:42"}
debug: Shopping cart created for sessionID:eba16bda-1767-4f28-82fe-9ee0f144dd87 {"logger":"session-storage","timestamp":"2020-05-24 11:37:42"}
debug: storeInSession(7201723e-76ea-46e0-a013-76f4547d1079:shopping cart) completed {"logger":"session-storage","timestamp":"2020-05-24 11:37:42"}
debug: retrieveFromSession(eba16bda-1767-4f28-82fe-9ee0f144dd87:shopping cart) completed {"logger":"session-storage","timestamp":"2020-05-24 11:37:42"}
debug: storeInSession(eba16bda-1767-4f28-82fe-9ee0f144dd87:shopping cart) start {"logger":"session-storage","timestamp":"2020-05-24 11:37:42"}
debug: storeInSession(eba16bda-1767-4f28-82fe-9ee0f144dd87:shopping cart) completed {"logger":"session-storage","timestamp":"2020-05-24 11:37:42"}
debug: retrieveFromSession(eba16bda-1767-4f28-82fe-9ee0f144dd87:shopping cart) completed {"logger":"session-storage","timestamp":"2020-05-24 11:37:42","totalPrice":1,"items":{"flight":{"item":{"text":"flight AAA"},"price":1}}}
debug: storeInSession(eba16bda-1767-4f28-82fe-9ee0f144dd87:shopping cart) start {"logger":"session-storage","timestamp":"2020-05-24 11:37:42"}
debug: storeInSession(eba16bda-1767-4f28-82fe-9ee0f144dd87:shopping cart) completed {"logger":"session-storage","timestamp":"2020-05-24 11:37:42"}
debug: retrieveFromSession(eba16bda-1767-4f28-82fe-9ee0f144dd87:shopping cart) completed {"logger":"session-storage","timestamp":"2020-05-24 11:37:42","totalPrice":100,"items":{"flight":{"item":{"text":"flight BBB"},"price":100}}}
debug: storeInSession(eba16bda-1767-4f28-82fe-9ee0f144dd87:shopping cart) start {"logger":"session-storage","timestamp":"2020-05-24 11:37:42"}
debug: Shopping cart created for sessionID:f859ae59-1cb3-4620-9ea3-0d4b1b845a96 {"logger":"session-storage","timestamp":"2020-05-24 11:37:42"}
debug: storeInSession(eba16bda-1767-4f28-82fe-9ee0f144dd87:shopping cart) completed {"logger":"session-storage","timestamp":"2020-05-24 11:37:42"}
debug: retrieveFromSession(f859ae59-1cb3-4620-9ea3-0d4b1b845a96:shopping cart) completed {"logger":"session-storage","timestamp":"2020-05-24 11:37:42"}
debug: storeInSession(f859ae59-1cb3-4620-9ea3-0d4b1b845a96:shopping cart) start {"logger":"session-storage","timestamp":"2020-05-24 11:37:42"}
debug: storeInSession(f859ae59-1cb3-4620-9ea3-0d4b1b845a96:shopping cart) completed {"logger":"session-storage","timestamp":"2020-05-24 11:37:42"}
debug: retrieveFromSession(f859ae59-1cb3-4620-9ea3-0d4b1b845a96:shopping cart) completed {"logger":"session-storage","timestamp":"2020-05-24 11:37:42","totalPrice":3,"items":{"flight":{"item":{"text":"flight AAA"},"price":3}}}
debug: storeInSession(f859ae59-1cb3-4620-9ea3-0d4b1b845a96:shopping cart) start {"logger":"session-storage","timestamp":"2020-05-24 11:37:42"}
debug: storeInSession(f859ae59-1cb3-4620-9ea3-0d4b1b845a96:shopping cart) completed {"logger":"session-storage","timestamp":"2020-05-24 11:37:42"}
debug: retrieveFromSession(f859ae59-1cb3-4620-9ea3-0d4b1b845a96:shopping cart) completed {"logger":"session-storage","timestamp":"2020-05-24 11:37:42","totalPrice":6,"items":{"flight":{"item":{"text":"flight AAA"},"price":3},"insurance":{"item":{"text":"insurance XYZ"},"price":3}}}
debug: storeInSession(f859ae59-1cb3-4620-9ea3-0d4b1b845a96:shopping cart) start {"logger":"session-storage","timestamp":"2020-05-24 11:37:42"}
debug: Shopping cart created for sessionID:258ef9ca-e064-4618-9632-de6e76573d66 {"logger":"session-storage","timestamp":"2020-05-24 11:37:42"}
debug: storeInSession(f859ae59-1cb3-4620-9ea3-0d4b1b845a96:shopping cart) completed {"logger":"session-storage","timestamp":"2020-05-24 11:37:42"}
debug: retrieveFromSession(258ef9ca-e064-4618-9632-de6e76573d66:shopping cart) completed {"logger":"session-storage","timestamp":"2020-05-24 11:37:42"}
debug: storeInSession(258ef9ca-e064-4618-9632-de6e76573d66:shopping cart) start {"logger":"session-storage","timestamp":"2020-05-24 11:37:42"}
debug: storeInSession(258ef9ca-e064-4618-9632-de6e76573d66:shopping cart) completed {"logger":"session-storage","timestamp":"2020-05-24 11:37:43"}
debug: retrieveFromSession(258ef9ca-e064-4618-9632-de6e76573d66:shopping cart) completed {"logger":"session-storage","timestamp":"2020-05-24 11:37:43","totalPrice":3,"items":{"flight":{"item":{"text":"flight AAA"},"price":3}}}
debug: Shopping cart created for sessionID:2303c697-fdcf-44a9-ab60-13a939f7ae00 {"logger":"session-storage","timestamp":"2020-05-24 11:37:43"}
debug: retrieveFromSession(2303c697-fdcf-44a9-ab60-13a939f7ae00:shopping cart) completed {"logger":"session-storage","timestamp":"2020-05-24 11:37:43"}
